<?xml version="1.0" encoding="UTF-8"?>
<!-- Generated by org.testng.reporters.JUnitReportReporter -->
<testsuite hostname="Abi" failures="0" tests="5" name="com.testng.PriortityTestCase" time="0.030" errors="0" timestamp="2020-04-20T12:12:04 MST" skipped="0">
  <testcase classname="com.testng.PriortityTestCase" name="testcase3" time="0.018"/>
  <system-out/>
  <testcase classname="com.testng.PriortityTestCase" name="testcase1" time="0.002"/>
  <system-out/>
  <testcase classname="com.testng.PriortityTestCase" name="testcase2" time="0.004"/>
  <system-out/>
  <testcase classname="com.testng.PriortityTestCase" name="testcase2" time="0.003"/>
  <system-out/>
  <testcase classname="com.testng.PriortityTestCase" name="testcase2" time="0.003"/>
  <system-out/>
</testsuite> <!-- com.testng.PriortityTestCase -->
