<?xml version="1.0" encoding="UTF-8"?>
<!-- Generated by org.testng.reporters.JUnitReportReporter -->
<testsuite hostname="Abi" failures="0" tests="1" name="com.testcases.CallWrapper" time="36.254" errors="0" timestamp="2020-04-21T11:31:22 MST" skipped="0">
  <testcase classname="com.testcases.CallWrapper" name="facebooklogin" time="36.254"/>
  <system-out/>
</testsuite> <!-- com.testcases.CallWrapper -->
