<?xml version="1.0" encoding="UTF-8"?>
<!-- Generated by org.testng.reporters.JUnitReportReporter -->
<testsuite hostname="Abi" failures="0" tests="3" name="com.testng.ParallelExecution" time="0.024" errors="0" timestamp="2020-04-21T09:27:24 MST" skipped="0">
  <testcase classname="com.testng.ParallelExecution" name="testcase3" time="0.003"/>
  <system-out/>
  <testcase classname="com.testng.ParallelExecution" name="testcase1" time="0.015"/>
  <system-out/>
  <testcase classname="com.testng.ParallelExecution" name="testcase2" time="0.006"/>
  <system-out/>
</testsuite> <!-- com.testng.ParallelExecution -->
