<?xml version="1.0" encoding="UTF-8"?>
<!-- Generated by org.testng.reporters.JUnitReportReporter -->
<testsuite hostname="Abi" failures="0" tests="3" name="com.testng.ParallelExecutionTest1" time="0.025" errors="0" timestamp="2020-04-21T09:27:24 MST" skipped="0">
  <testcase classname="com.testng.ParallelExecutionTest1" name="testcase6" time="0.005"/>
  <system-out/>
  <testcase classname="com.testng.ParallelExecutionTest1" name="testcase4" time="0.015"/>
  <system-out/>
  <testcase classname="com.testng.ParallelExecutionTest1" name="testcase5" time="0.005"/>
  <system-out/>
</testsuite> <!-- com.testng.ParallelExecutionTest1 -->
