<?xml version="1.0" encoding="UTF-8"?>
<!-- Generated by org.testng.reporters.JUnitReportReporter -->
<testsuite hostname="Abi" failures="0" tests="3" name="com.testng.TestCase1" time="0.035" errors="0" timestamp="2020-04-20T11:25:04 MST" skipped="0">
  <testcase classname="com.testng.TestCase1" name="testcase2" time="0.004"/>
  <system-out/>
  <testcase classname="com.testng.TestCase1" name="testcase3" time="0.004"/>
  <system-out/>
  <testcase classname="com.testng.TestCase1" name="testcase1" time="0.027"/>
  <system-out/>
</testsuite> <!-- com.testng.TestCase1 -->
