<?xml version="1.0" encoding="UTF-8"?>
<!-- Generated by org.testng.reporters.JUnitReportReporter -->
<testsuite hostname="Abi" failures="0" tests="2" name="com.testcases.OrangeHrmCallWrapper" time="46.023" errors="0" timestamp="2020-04-21T18:18:00 MST" skipped="0">
  <testcase classname="com.testcases.OrangeHrmCallWrapper" name="AdminSearch" time="22.069"/>
  <system-out/>
  <testcase classname="com.testcases.OrangeHrmCallWrapper" name="AddUser" time="23.954"/>
  <system-out/>
</testsuite> <!-- com.testcases.OrangeHrmCallWrapper -->
