<?xml version="1.0" encoding="UTF-8"?>
<!-- Generated by org.testng.reporters.JUnitReportReporter -->
<testsuite hostname="Abi" failures="0" tests="1" name="com.testng.TestCase2" time="18.238" errors="0" timestamp="2020-04-20T12:43:26 MST" skipped="0">
  <testcase classname="com.testng.TestCase2" name="SigninLinkedin" time="18.238"/>
  <system-out/>
</testsuite> <!-- com.testng.TestCase2 -->
